<?xml version="1.0" encoding="UTF-8"?>
<!-- Generated by org.testng.reporters.JUnitReportReporter -->
<testsuite hostname="Kruti" name="com.Amazon.TestCases.AmazonSearch" tests="1" failures="0" timestamp="5 Jul 2017 18:50:09 GMT" time="58.163" errors="0">
  <testcase name="SearchItem" time="58.163" classname="com.Amazon.TestCases.AmazonSearch"/>
</testsuite> <!-- com.Amazon.TestCases.AmazonSearch -->
